<?xml version="1.0" encoding="UTF-8"?>
<!-- Generated by org.testng.reporters.JUnitReportReporter -->
<testsuite skipped="0" hostname="AKKYU01-5520" name="com.crm.qa.testcasees.LoginPageTest" tests="2" failures="0" timestamp="22 Aug 2018 09:35:11 GMT" time="59.900" errors="0">
  <testcase name="loginPageTitleTest" time="15.345" classname="com.crm.qa.testcasees.LoginPageTest"/>
  <testcase name="loginTest" time="44.555" classname="com.crm.qa.testcasees.LoginPageTest"/>
</testsuite> <!-- com.crm.qa.testcasees.LoginPageTest -->
