<?xml version="1.0" encoding="UTF-8"?>
<!-- Generated by org.testng.reporters.JUnitReportReporter -->
<testsuite skipped="0" hostname="AKKYU01-5520" name="com.crm.qa.testcases.SimpleLogTest" tests="1" failures="0" timestamp="23 Nov 2018 17:30:05 GMT" time="7.724" errors="0">
  <testcase name="freeCrmTitleTest" time="7.724" classname="com.crm.qa.testcases.SimpleLogTest"/>
</testsuite> <!-- com.crm.qa.testcases.SimpleLogTest -->
