<?xml version="1.0" encoding="UTF-8"?>
<!-- Generated by org.testng.reporters.JUnitReportReporter -->
<testsuite skipped="0" hostname="AKKYU01-5520" name="com.crm.qa.testcases.Test1" tests="3" failures="0" timestamp="28 Aug 2018 16:39:52 GMT" time="54.751" errors="0">
  <testcase name="getTitle" time="18.324" classname="com.crm.qa.testcases.Test1"/>
  <testcase name="getTitle" time="10.418" classname="com.crm.qa.testcases.Test1"/>
  <testcase name="getTitle" time="26.009" classname="com.crm.qa.testcases.Test1"/>
</testsuite> <!-- com.crm.qa.testcases.Test1 -->
