<?xml version="1.0" encoding="UTF-8"?>
<!-- Generated by org.testng.reporters.JUnitReportReporter -->
<testsuite skipped="0" hostname="AKKYU01-5520" name="com.crm.qa.testcases.GenerateLog4j" tests="1" failures="0" timestamp="30 Aug 2018 08:59:59 GMT" time="0.134" errors="0">
  <testcase name="searchStringinGoogle" time="0.134" classname="com.crm.qa.testcases.GenerateLog4j"/>
</testsuite> <!-- com.crm.qa.testcases.GenerateLog4j -->
