<?xml version="1.0" encoding="UTF-8"?>
<!-- Generated by org.testng.reporters.JUnitReportReporter -->
<testsuite skipped="0" hostname="AKKYU01-5520" name="com.crm.qa.testcases.TestEventListener" tests="3" failures="0" timestamp="28 Aug 2018 18:27:04 GMT" time="38.258" errors="0">
  <testcase name="getTitle" time="15.873" classname="com.crm.qa.testcases.TestEventListener"/>
  <testcase name="getTitle" time="10.640" classname="com.crm.qa.testcases.TestEventListener"/>
  <testcase name="getTitle" time="11.745" classname="com.crm.qa.testcases.TestEventListener"/>
</testsuite> <!-- com.crm.qa.testcases.TestEventListener -->
