<?xml version="1.0" encoding="UTF-8"?>
<!-- Generated by org.testng.reporters.JUnitReportReporter -->
<testsuite skipped="0" hostname="AKKYU01-5520" name="com.crm.qa.testcases.ChromeConsoleLogging" tests="1" failures="0" timestamp="30 Aug 2018 11:34:48 GMT" time="10.231" errors="0">
  <testcase name="testMethod" time="10.231" classname="com.crm.qa.testcases.ChromeConsoleLogging"/>
</testsuite> <!-- com.crm.qa.testcases.ChromeConsoleLogging -->
