<?xml version="1.0" encoding="UTF-8"?>
<!-- Generated by org.testng.reporters.JUnitReportReporter -->
<testsuite skipped="0" hostname="AKKYU01-5520" name="com.crm.qa.testcases.LoginPageTest" tests="1" failures="0" timestamp="30 Sep 2018 07:50:04 GMT" time="17.418" errors="0">
  <testcase name="loginPageTitleTest" time="17.418" classname="com.crm.qa.testcases.LoginPageTest"/>
</testsuite> <!-- com.crm.qa.testcases.LoginPageTest -->
